2024-02-26T18:49:09.737-03:00  INFO 9468 --- [main] b.j.m.MsclientesApplicationTests         : Starting MsclientesApplicationTests using Java 17.0.7 with PID 9468 (started by janioofi in C:\Development\ms\projeto-ms\msclientes)
2024-02-26T18:49:09.739-03:00  INFO 9468 --- [main] b.j.m.MsclientesApplicationTests         : The following 1 profile is active: "local"
2024-02-26T18:49:11.323-03:00  INFO 9468 --- [main] .s.d.r.c.RepositoryConfigurationDelegate : Bootstrapping Spring Data JPA repositories in DEFAULT mode.
2024-02-26T18:49:11.571-03:00  INFO 9468 --- [main] .s.d.r.c.RepositoryConfigurationDelegate : Finished Spring Data repository scanning in 233 ms. Found 1 JPA repository interface.
2024-02-26T18:49:12.101-03:00  INFO 9468 --- [main] o.s.cloud.context.scope.GenericScope     : BeanFactory id=6eb5b94c-42f5-35f8-88be-8290f80f0a46
2024-02-26T18:49:12.584-03:00  INFO 9468 --- [main] com.zaxxer.hikari.HikariDataSource       : HikariPool-1 - Starting...
2024-02-26T18:49:12.915-03:00  INFO 9468 --- [main] com.zaxxer.hikari.pool.HikariPool        : HikariPool-1 - Added connection conn0: url=jdbc:h2:mem:testdb user=SA
2024-02-26T18:49:12.919-03:00  INFO 9468 --- [main] com.zaxxer.hikari.HikariDataSource       : HikariPool-1 - Start completed.
2024-02-26T18:49:13.008-03:00  INFO 9468 --- [main] o.hibernate.jpa.internal.util.LogHelper  : HHH000204: Processing PersistenceUnitInfo [name: default]
2024-02-26T18:49:13.103-03:00  INFO 9468 --- [main] org.hibernate.Version                    : HHH000412: Hibernate ORM core version 6.2.17.Final
2024-02-26T18:49:13.105-03:00  INFO 9468 --- [main] org.hibernate.cfg.Environment            : HHH000406: Using bytecode reflection optimizer
2024-02-26T18:49:13.521-03:00  INFO 9468 --- [main] o.s.o.j.p.SpringPersistenceUnitInfo      : No LoadTimeWeaver setup: ignoring JPA class transformer
2024-02-26T18:49:13.584-03:00  WARN 9468 --- [main] org.hibernate.orm.deprecation            : HHH90000025: H2Dialect does not need to be specified explicitly using 'hibernate.dialect' (remove the property setting and it will be selected by default)
2024-02-26T18:49:14.777-03:00  INFO 9468 --- [main] o.h.e.t.j.p.i.JtaPlatformInitiator       : HHH000489: No JTA platform available (set 'hibernate.transaction.jta.platform' to enable JTA platform integration)
2024-02-26T18:49:14.834-03:00  INFO 9468 --- [main] j.LocalContainerEntityManagerFactoryBean : Initialized JPA EntityManagerFactory for persistence unit 'default'
2024-02-26T18:49:15.610-03:00  WARN 9468 --- [main] JpaBaseConfiguration$JpaWebConfiguration : spring.jpa.open-in-view is enabled by default. Therefore, database queries may be performed during view rendering. Explicitly configure spring.jpa.open-in-view to disable this warning
2024-02-26T18:49:16.888-03:00  INFO 9468 --- [main] DiscoveryClientOptionalArgsConfiguration : Eureka HTTP Client uses RestTemplate.
2024-02-26T18:49:16.942-03:00  WARN 9468 --- [main] iguration$LoadBalancerCaffeineWarnLogger : Spring Cloud LoadBalancer is currently working with the default cache. While this cache implementation is useful for development and tests, it's recommended to use Caffeine cache in production.You can switch to using Caffeine cache, by adding it and org.springframework.cache.caffeine.CaffeineCacheManager to the classpath.
2024-02-26T18:49:16.952-03:00  INFO 9468 --- [main] o.s.b.a.e.web.EndpointLinksResolver      : Exposing 17 endpoint(s) beneath base path '/actuator'
2024-02-26T18:49:17.059-03:00  INFO 9468 --- [main] b.j.m.MsclientesApplicationTests         : Started MsclientesApplicationTests in 7.88 seconds (process running for 9.136)
2024-02-26T18:49:17.818-03:00  INFO 9468 --- [SpringApplicationShutdownHook] o.s.c.n.eureka.InstanceInfoFactory       : Setting initial instance status as: STARTING
2024-02-26T18:49:17.819-03:00  INFO 9468 --- [SpringApplicationShutdownHook] o.s.c.n.e.s.EurekaServiceRegistry        : Unregistering application MSCLIENTES with eureka with status DOWN
2024-02-26T18:49:17.827-03:00  INFO 9468 --- [SpringApplicationShutdownHook] j.LocalContainerEntityManagerFactoryBean : Closing JPA EntityManagerFactory for persistence unit 'default'
2024-02-26T18:49:18.023-03:00  INFO 9468 --- [SpringApplicationShutdownHook] com.zaxxer.hikari.HikariDataSource       : HikariPool-1 - Shutdown initiated...
2024-02-26T18:49:18.033-03:00  INFO 9468 --- [SpringApplicationShutdownHook] com.zaxxer.hikari.HikariDataSource       : HikariPool-1 - Shutdown completed.
